[+] File .\Assets\PixelFont(6x7).bmpx opened for reading.
[+] File size 16518
[+] FileName: PixelFont(6x7).bmpx
[+] File PixelFont(6x7).bmpx Successfully added to archive Assets.dat.
[+] File .\Assets\PixelFont(4x5).bmpx opened for reading.
[+] File size 7894
[+] FileName: PixelFont(4x5).bmpx
[+] File PixelFont(4x5).bmpx Successfully added to archive Assets.dat.
[+] File .\Assets\PixelFont(4x5CAPS).bmpx opened for reading.
[+] File size 7894
[+] FileName: PixelFont(4x5CAPS).bmpx
[+] File PixelFont(4x5CAPS).bmpx Successfully added to archive Assets.dat.
[+] File .\Assets\item.wav opened for reading.
[+] File size 11514
[+] FileName: item.wav
[+] File item.wav Successfully added to archive Assets.dat.
[+] File .\Assets\itemshort.wav opened for reading.
[+] File size 10188
[+] FileName: itemshort.wav
[+] File itemshort.wav Successfully added to archive Assets.dat.
[+] File .\Assets\menu.wav opened for reading.
[+] File size 10188
[+] FileName: menu.wav
[+] File menu.wav Successfully added to archive Assets.dat.
[+] File .\Assets\ouch.wav opened for reading.
[+] File size 10370
[+] FileName: ouch.wav
[+] File ouch.wav Successfully added to archive Assets.dat.
[+] File .\Assets\ouchhurt.wav opened for reading.
[+] File size 14070
[+] FileName: ouchhurt.wav
[+] File ouchhurt.wav Successfully added to archive Assets.dat.
[+] File .\Assets\ouchlethal.wav opened for reading.
[+] File size 16874
[+] FileName: ouchlethal.wav
[+] File ouchlethal.wav Successfully added to archive Assets.dat.
[+] File .\Assets\SplashNoise.wav opened for reading.
[+] File size 37554
[+] FileName: SplashNoise.wav
[+] File SplashNoise.wav Successfully added to archive Assets.dat.
[+] File .\Assets\SplashNoise2.wav opened for reading.
[+] File size 45750
[+] FileName: SplashNoise2.wav
[+] File SplashNoise2.wav Successfully added to archive Assets.dat.
